<?xml version="1.0" encoding="UTF-8"?>
<!-- Generated by org.testng.reporters.JUnitReportReporter -->
<testsuite hostname="pooja" failures="0" tests="1" name="com.inetbanking.testcases.TC_LoginTest_001" time="11.920" errors="0" timestamp="24 Nov 2023 11:07:04 GMT" skipped="0">
  <testcase classname="com.inetbanking.testcases.TC_LoginTest_001" name="loginTest" time="11.920"/>
</testsuite> <!-- com.inetbanking.testcases.TC_LoginTest_001 -->
