<?xml version="1.0" encoding="UTF-8"?>
<!-- Generated by org.testng.reporters.JUnitReportReporter -->
<testsuite hostname="pooja" failures="0" tests="1" name="com.inetbanking.testcases.TC_AddCustomerTest_003" time="35.285" errors="0" timestamp="25 Nov 2023 11:29:49 GMT" skipped="0">
  <testcase classname="com.inetbanking.testcases.TC_AddCustomerTest_003" name="addNewCustomer" time="35.285"/>
</testsuite> <!-- com.inetbanking.testcases.TC_AddCustomerTest_003 -->
